
**** Build of configuration Debug for project Lab_6 ****

"C:\\ti\\ccs910\\ccs\\utils\\bin\\gmake" -k -j 8 all -O 
 
Building file: "../adc.c"
Invoking: ARM Compiler
"C:/ti/ccs910/ccs/tools/compiler/ti-cgt-arm_18.12.2.LTS/bin/armcl" -mv7M4 --code_state=16 --float_support=FPv4SPD16 -me --include_path="U:/CprE 288/Lab_6" --include_path="C:/ti/TivaWare_C_Series-2.1.4.178" --include_path="C:/ti/ccs910/ccs/tools/compiler/ti-cgt-arm_18.12.2.LTS/include" --define=ccs="ccs" --define=PART_TM4C123GH6PM -g --gcc --diag_warning=225 --diag_wrap=off --display_error_number --abi=eabi --preproc_with_compile --preproc_dependency="adc.d_raw"  "../adc.c"
Finished building: "../adc.c"
 
Building file: "../tm4c123gh6pm_startup_ccs.c"
Invoking: ARM Compiler
"C:/ti/ccs910/ccs/tools/compiler/ti-cgt-arm_18.12.2.LTS/bin/armcl" -mv7M4 --code_state=16 --float_support=FPv4SPD16 -me --include_path="U:/CprE 288/Lab_6" --include_path="C:/ti/TivaWare_C_Series-2.1.4.178" --include_path="C:/ti/ccs910/ccs/tools/compiler/ti-cgt-arm_18.12.2.LTS/include" --define=ccs="ccs" --define=PART_TM4C123GH6PM -g --gcc --diag_warning=225 --diag_wrap=off --display_error_number --abi=eabi --preproc_with_compile --preproc_dependency="tm4c123gh6pm_startup_ccs.d_raw"  "../tm4c123gh6pm_startup_ccs.c"
Finished building: "../tm4c123gh6pm_startup_ccs.c"
 
Building file: "../Timer.c"
Invoking: ARM Compiler
"C:/ti/ccs910/ccs/tools/compiler/ti-cgt-arm_18.12.2.LTS/bin/armcl" -mv7M4 --code_state=16 --float_support=FPv4SPD16 -me --include_path="U:/CprE 288/Lab_6" --include_path="C:/ti/TivaWare_C_Series-2.1.4.178" --include_path="C:/ti/ccs910/ccs/tools/compiler/ti-cgt-arm_18.12.2.LTS/include" --define=ccs="ccs" --define=PART_TM4C123GH6PM -g --gcc --diag_warning=225 --diag_wrap=off --display_error_number --abi=eabi --preproc_with_compile --preproc_dependency="Timer.d_raw"  "../Timer.c"
Finished building: "../Timer.c"
 
Building file: "../uart.c"
Invoking: ARM Compiler
"C:/ti/ccs910/ccs/tools/compiler/ti-cgt-arm_18.12.2.LTS/bin/armcl" -mv7M4 --code_state=16 --float_support=FPv4SPD16 -me --include_path="U:/CprE 288/Lab_6" --include_path="C:/ti/TivaWare_C_Series-2.1.4.178" --include_path="C:/ti/ccs910/ccs/tools/compiler/ti-cgt-arm_18.12.2.LTS/include" --define=ccs="ccs" --define=PART_TM4C123GH6PM -g --gcc --diag_warning=225 --diag_wrap=off --display_error_number --abi=eabi --preproc_with_compile --preproc_dependency="uart.d_raw"  "../uart.c"
"..\uart.h", line 24: warning #78-D: this declaration has no storage class or type specifier
Finished building: "../uart.c"
 
Building file: "../lcd.c"
Invoking: ARM Compiler
"C:/ti/ccs910/ccs/tools/compiler/ti-cgt-arm_18.12.2.LTS/bin/armcl" -mv7M4 --code_state=16 --float_support=FPv4SPD16 -me --include_path="U:/CprE 288/Lab_6" --include_path="C:/ti/TivaWare_C_Series-2.1.4.178" --include_path="C:/ti/ccs910/ccs/tools/compiler/ti-cgt-arm_18.12.2.LTS/include" --define=ccs="ccs" --define=PART_TM4C123GH6PM -g --gcc --diag_warning=225 --diag_wrap=off --display_error_number --abi=eabi --preproc_with_compile --preproc_dependency="lcd.d_raw"  "../lcd.c"
Finished building: "../lcd.c"
 
Building file: "../main.c"
Invoking: ARM Compiler
"C:/ti/ccs910/ccs/tools/compiler/ti-cgt-arm_18.12.2.LTS/bin/armcl" -mv7M4 --code_state=16 --float_support=FPv4SPD16 -me --include_path="U:/CprE 288/Lab_6" --include_path="C:/ti/TivaWare_C_Series-2.1.4.178" --include_path="C:/ti/ccs910/ccs/tools/compiler/ti-cgt-arm_18.12.2.LTS/include" --define=ccs="ccs" --define=PART_TM4C123GH6PM -g --gcc --diag_warning=225 --diag_wrap=off --display_error_number --abi=eabi --preproc_with_compile --preproc_dependency="main.d_raw"  "../main.c"
"..\uart.h", line 24: warning #78-D: this declaration has no storage class or type specifier
Finished building: "../main.c"
 
Building target: "Lab_6.out"
Invoking: ARM Linker
"C:/ti/ccs910/ccs/tools/compiler/ti-cgt-arm_18.12.2.LTS/bin/armcl" -mv7M4 --code_state=16 --float_support=FPv4SPD16 -me --define=ccs="ccs" --define=PART_TM4C123GH6PM -g --gcc --diag_warning=225 --diag_wrap=off --display_error_number --abi=eabi -z -m"Lab_6.map" --heap_size=1024 --stack_size=2048 -i"C:/ti/ccs910/ccs/tools/compiler/ti-cgt-arm_18.12.2.LTS/lib" -i"C:/ti/ccs910/ccs/tools/compiler/ti-cgt-arm_18.12.2.LTS/include" --reread_libs --diag_wrap=off --display_error_number --warn_sections --xml_link_info="Lab_6_linkInfo.xml" --rom_model -o "Lab_6.out" "./Timer.obj" "./adc.obj" "./lcd.obj" "./main.obj" "./tm4c123gh6pm_startup_ccs.obj" "./uart.obj" "../libcybotUART.lib" "../tm4c123gh6pm.cmd"  -llibc.a -l"C:/ti/TivaWare_C_Series-2.1.4.178/driverlib/ccs/Debug/driverlib.lib" 
<Linking>
Finished building target: "Lab_6.out"
 

**** Build Finished ****
